0 info it worked if it ends with ok
1 verbose cli [ '/usr/bin/node', '/usr/bin/npm', 'install', 'ṕrompt' ]
2 info using npm@2.15.1
3 info using node@v4.4.3
4 verbose install initial load of /home/genyleong/Documents/node/LABORATORIA/package.json
5 verbose installManyTop reading scoped package data from /home/genyleong/Documents/node/LABORATORIA/node_modules/express/package.json
6 verbose installManyTop reading scoped package data from /home/genyleong/Documents/node/LABORATORIA/node_modules/prompt/package.json
7 verbose installManyTop reading scoped package data from /home/genyleong/Documents/node/LABORATORIA/node_modules/prompt-sync/package.json
8 verbose installManyTop reading scoped package data from /home/genyleong/Documents/node/LABORATORIA/node_modules/prompt-sync-history/package.json
9 verbose readDependencies loading dependencies from /home/genyleong/Documents/node/LABORATORIA/package.json
10 silly cache add args [ 'ṕrompt', null ]
11 verbose cache add spec ṕrompt
12 silly cache add parsed spec Result {
12 silly cache add   raw: 'ṕrompt',
12 silly cache add   scope: null,
12 silly cache add   name: null,
12 silly cache add   rawSpec: 'ṕrompt',
12 silly cache add   spec: '/home/genyleong/Documents/node/LABORATORIA/practicos/ṕrompt',
12 silly cache add   type: 'local' }
13 error addLocal Could not install /home/genyleong/Documents/node/LABORATORIA/practicos/ṕrompt
14 verbose stack Error: ENOENT: no such file or directory, open '/home/genyleong/Documents/node/LABORATORIA/practicos/ṕrompt'
14 verbose stack     at Error (native)
15 verbose cwd /home/genyleong/Documents/node/LABORATORIA/practicos
16 error Linux 4.4.7-300.fc23.i686
17 error argv "/usr/bin/node" "/usr/bin/npm" "install" "ṕrompt"
18 error node v4.4.3
19 error npm  v2.15.1
20 error path /home/genyleong/Documents/node/LABORATORIA/practicos/ṕrompt
21 error code ENOENT
22 error errno -2
23 error syscall open
24 error enoent ENOENT: no such file or directory, open '/home/genyleong/Documents/node/LABORATORIA/practicos/ṕrompt'
24 error enoent This is most likely not a problem with npm itself
24 error enoent and is related to npm not being able to find a file.
25 verbose exit [ -2, true ]
